\BOOKMARK [1][-]{Doc-Start}{\376\377\144\130\211\201}{}% 1
\BOOKMARK [1][-]{Doc-Start}{\376\377\000A\000b\000s\000t\000r\000a\000c\000t}{}% 2
\BOOKMARK [1][-]{Doc-Start}{\376\377\166\356\137\125}{}% 3
\BOOKMARK [1][-]{section.1}{\376\377\176\352\213\272}{}% 4
\BOOKMARK [2][-]{subsection.1.1}{\376\377\200\314\146\157\141\017\116\111}{section.1}% 5
\BOOKMARK [2][-]{subsection.1.2}{\376\377\153\325\213\276\121\205\133\271}{section.1}% 6
\BOOKMARK [1][-]{section.2}{\376\377\166\370\121\163\135\345\117\134}{}% 7
\BOOKMARK [2][-]{subsection.2.1}{\376\377\202\202\0001}{section.2}% 8
\BOOKMARK [3][-]{subsubsection.2.1.1}{\376\377\0004\133\120\202\202\0001}{subsection.2.1}% 9
\BOOKMARK [3][-]{subsubsection.2.1.2}{\376\377\000\040\0004\145\160\133\146\121\154\137\017\377\014\116\012\150\007\137\025\165\050\377\014\176\330\126\376\171\072\117\213}{subsection.2.1}% 10
\BOOKMARK [2][-]{subsection.2.2}{\376\377\145\207\147\054\150\300\155\113\213\306\122\053\140\047\200\375\213\304\116\367\145\271\154\325}{section.2}% 11
\BOOKMARK [3][-]{subsubsection.2.2.1}{\376\377\0004\000\040\210\150\150\074\163\257\130\203}{subsection.2.2}% 12
\BOOKMARK [3][-]{subsubsection.2.2.2}{\376\377\0004\000\040\230\171\166\356\177\026\123\367\117\177\165\050}{subsection.2.2}% 13
\BOOKMARK [3][-]{subsubsection.2.2.3}{\376\377\0004\000\040\173\227\154\325\117\052\116\343\170\001}{subsection.2.2}% 14
\BOOKMARK [1][-]{section.3}{\376\377\133\236\232\214\176\323\147\234}{}% 15
\BOOKMARK [2][-]{subsection.3.1}{\376\377\145\160\143\156\226\306}{section.3}% 16
\BOOKMARK [2][-]{subsection.3.2}{\376\377\201\352\122\250\213\304\155\113}{section.3}% 17
\BOOKMARK [2][-]{subsection.3.3}{\376\377\126\376\120\317\134\125\171\072}{section.3}% 18
\BOOKMARK [1][-]{section.4}{\376\377\140\073\176\323\124\214\134\125\147\033}{}% 19
\BOOKMARK [1][-]{section.4}{\376\377\123\302\200\003\145\207\163\056}{}% 20
\BOOKMARK [1][-]{section.4}{\376\377\201\364\214\042}{}% 21
\BOOKMARK [1][-]{section.4}{\376\377\226\104\137\125\000A}{}% 22
\BOOKMARK [2][-]{section*.7}{\376\377\000A\000.\0001\000\040\000X\000X\000X\166\204\133\236\163\260}{section.4}% 23
\BOOKMARK [2][-]{lstnumber.-1.4}{\376\377\000A\000.\0002\000\040\201\352\122\250\213\304\155\113\133\236\163\260}{section.4}% 24
